<?xml version="1.0" encoding="UTF-8"?>
<testng-results skipped="0" failed="0" ignored="0" total="1" passed="1">
  <reporter-output>
  </reporter-output>
  <suite name="Default suite" duration-ms="100186" started-at="2019-07-24T11:11:03Z" finished-at="2019-07-24T11:12:43Z">
    <groups>
    </groups>
    <test name="Default test" duration-ms="100186" started-at="2019-07-24T11:11:03Z" finished-at="2019-07-24T11:12:43Z">
      <class name="testpack.NewTest">
        <test-method status="PASS" signature="beforeMethod()[pri:0, instance:testpack.NewTest@14acaea5]" name="beforeMethod" is-config="true" duration-ms="21794" started-at="2019-07-24T11:11:03Z" finished-at="2019-07-24T11:11:25Z">
          <reporter-output>
          </reporter-output>
        </test-method> <!-- beforeMethod -->
        <test-method status="PASS" signature="f()[pri:0, instance:testpack.NewTest@14acaea5]" name="f" duration-ms="78132" started-at="2019-07-24T11:11:25Z" finished-at="2019-07-24T11:12:43Z">
          <reporter-output>
          </reporter-output>
        </test-method> <!-- f -->
        <test-method status="PASS" signature="afterMethod()[pri:0, instance:testpack.NewTest@14acaea5]" name="afterMethod" is-config="true" duration-ms="194" started-at="2019-07-24T11:12:43Z" finished-at="2019-07-24T11:12:43Z">
          <reporter-output>
          </reporter-output>
        </test-method> <!-- afterMethod -->
      </class> <!-- testpack.NewTest -->
    </test> <!-- Default test -->
  </suite> <!-- Default suite -->
</testng-results>
